# JRE version: OpenJDK Runtime Environment (8.0_362-b08) (build 1.8.0_362-b08)
# Java VM: OpenJDK 64-Bit Server VM (25.362-b08 mixed mode windows-amd64 compressed oops)
Heap:
 PSYoungGen      total 2727424K, used 921557K [0x0000000715580000, 0x00000007c0000000, 0x00000007c0000000)
  eden space 2680832K, 32% used [0x0000000715580000,0x000000074ac39f28,0x00000007b8f80000)
  from space 46592K, 99% used [0x00000007b8f80000,0x00000007bbcbb570,0x00000007bbd00000)
  to   space 62464K, 0% used [0x00000007bc300000,0x00000007bc300000,0x00000007c0000000)
 ParOldGen       total 5592576K, used 3190184K [0x00000005c0000000, 0x0000000715580000, 0x0000000715580000)
  object space 5592576K, 57% used [0x00000005c0000000,0x0000000682b6a1b8,0x0000000715580000)
 Metaspace       used 4494K, capacity 4704K, committed 4992K, reserved 1056768K
  class space    used 482K, capacity 528K, committed 640K, reserved 1048576K
GC Heap History (10 events):
Event: 126.400 GC heap before
{Heap before GC invocations=67 (full 24):
 PSYoungGen      total 2740224K, used 2731022K [0x0000000715580000, 0x00000007c0000000, 0x00000007c0000000)
  eden space 2692608K, 99% used [0x0000000715580000,0x00000007b9275f50,0x00000007b9b00000)
  from space 47616K, 99% used [0x00000007b9b00000,0x00000007bc90d980,0x00000007bc980000)
  to   space 55808K, 0% used [0x00000007bc980000,0x00000007bc980000,0x00000007c0000000)
 ParOldGen       total 5592576K, used 2807241K [0x00000005c0000000, 0x0000000715580000, 0x0000000715580000)
  object space 5592576K, 50% used [0x00000005c0000000,0x000000066b572470,0x0000000715580000)
 Metaspace       used 4467K, capacity 4704K, committed 4992K, reserved 1056768K
  class space    used 480K, capacity 528K, committed 640K, reserved 1048576K
Event: 126.442 GC heap after
Heap after GC invocations=67 (full 24):
 PSYoungGen      total 2737152K, used 29861K [0x0000000715580000, 0x00000007c0000000, 0x00000007c0000000)
  eden space 2681344K, 0% used [0x0000000715580000,0x0000000715580000,0x00000007b9000000)
  from space 55808K, 53% used [0x00000007bc980000,0x00000007be6a96c0,0x00000007c0000000)
  to   space 57344K, 0% used [0x00000007b9000000,0x00000007b9000000,0x00000007bc800000)
 ParOldGen       total 5592576K, used 3067923K [0x00000005c0000000, 0x0000000715580000, 0x0000000715580000)
  object space 5592576K, 54% used [0x00000005c0000000,0x000000067b404c60,0x0000000715580000)
 Metaspace       used 4467K, capacity 4704K, committed 4992K, reserved 1056768K
  class space    used 480K, capacity 528K, committed 640K, reserved 1048576K
}
Event: 129.963 GC heap before
{Heap before GC invocations=68 (full 24):
 PSYoungGen      total 2737152K, used 2616585K [0x0000000715580000, 0x00000007c0000000, 0x00000007c0000000)
  eden space 2681344K, 96% used [0x0000000715580000,0x00000007b3398f30,0x00000007b9000000)
  from space 55808K, 53% used [0x00000007bc980000,0x00000007be6a96c0,0x00000007c0000000)
  to   space 57344K, 0% used [0x00000007b9000000,0x00000007b9000000,0x00000007bc800000)
 ParOldGen       total 5592576K, used 3067923K [0x00000005c0000000, 0x0000000715580000, 0x0000000715580000)
  object space 5592576K, 54% used [0x00000005c0000000,0x000000067b404c60,0x0000000715580000)
 Metaspace       used 4467K, capacity 4704K, committed 4992K, reserved 1056768K
  class space    used 480K, capacity 528K, committed 640K, reserved 1048576K
Event: 130.200 GC heap after
Heap after GC invocations=68 (full 24):
 PSYoungGen      total 2683392K, used 1856K [0x0000000715580000, 0x00000007c0000000, 0x00000007c0000000)
  eden space 2681344K, 0% used [0x0000000715580000,0x0000000715580000,0x00000007b9000000)
  from space 2048K, 90% used [0x00000007b9000000,0x00000007b91d0000,0x00000007b9200000)
  to   space 57856K, 0% used [0x00000007bc780000,0x00000007bc780000,0x00000007c0000000)
 ParOldGen       total 5592576K, used 4721270K [0x00000005c0000000, 0x0000000715580000, 0x0000000715580000)
  object space 5592576K, 84% used [0x00000005c0000000,0x00000006e029d8c8,0x0000000715580000)
 Metaspace       used 4467K, capacity 4704K, committed 4992K, reserved 1056768K
  class space    used 480K, capacity 528K, committed 640K, reserved 1048576K
}
Event: 130.200 GC heap before
{Heap before GC invocations=69 (full 25):
 PSYoungGen      total 2683392K, used 1856K [0x0000000715580000, 0x00000007c0000000, 0x00000007c0000000)
  eden space 2681344K, 0% used [0x0000000715580000,0x0000000715580000,0x00000007b9000000)
  from space 2048K, 90% used [0x00000007b9000000,0x00000007b91d0000,0x00000007b9200000)
  to   space 57856K, 0% used [0x00000007bc780000,0x00000007bc780000,0x00000007c0000000)
 ParOldGen       total 5592576K, used 4721270K [0x00000005c0000000, 0x0000000715580000, 0x0000000715580000)
  object space 5592576K, 84% used [0x00000005c0000000,0x00000006e029d8c8,0x0000000715580000)
 Metaspace       used 4467K, capacity 4704K, committed 4992K, reserved 1056768K
  class space    used 480K, capacity 528K, committed 640K, reserved 1048576K
Event: 130.369 GC heap after
Heap after GC invocations=69 (full 25):
 PSYoungGen      total 2683392K, used 0K [0x0000000715580000, 0x00000007c0000000, 0x00000007c0000000)
  eden space 2681344K, 0% used [0x0000000715580000,0x0000000715580000,0x00000007b9000000)
  from space 2048K, 0% used [0x00000007b9000000,0x00000007b9000000,0x00000007b9200000)
  to   space 57856K, 0% used [0x00000007bc780000,0x00000007bc780000,0x00000007c0000000)
 ParOldGen       total 5592576K, used 1578918K [0x00000005c0000000, 0x0000000715580000, 0x0000000715580000)
  object space 5592576K, 28% used [0x00000005c0000000,0x00000006205e99a8,0x0000000715580000)
 Metaspace       used 4467K, capacity 4704K, committed 4992K, reserved 1056768K
  class space    used 480K, capacity 528K, committed 640K, reserved 1048576K
}
Event: 135.749 GC heap before
{Heap before GC invocations=70 (full 25):
 PSYoungGen      total 2683392K, used 2646168K [0x0000000715580000, 0x00000007c0000000, 0x00000007c0000000)
  eden space 2681344K, 98% used [0x0000000715580000,0x00000007b6da6240,0x00000007b9000000)
  from space 2048K, 0% used [0x00000007b9000000,0x00000007b9000000,0x00000007b9200000)
  to   space 57856K, 0% used [0x00000007bc780000,0x00000007bc780000,0x00000007c0000000)
 ParOldGen       total 5592576K, used 1578918K [0x00000005c0000000, 0x0000000715580000, 0x0000000715580000)
  object space 5592576K, 28% used [0x00000005c0000000,0x00000006205e99a8,0x0000000715580000)
 Metaspace       used 4467K, capacity 4704K, committed 4992K, reserved 1056768K
  class space    used 480K, capacity 528K, committed 640K, reserved 1048576K
Event: 135.920 GC heap after
Heap after GC invocations=70 (full 25):
 PSYoungGen      total 2738688K, used 30086K [0x0000000715580000, 0x00000007c0000000, 0x00000007c0000000)
  eden space 2680832K, 0% used [0x0000000715580000,0x0000000715580000,0x00000007b8f80000)
  from space 57856K, 52% used [0x00000007bc780000,0x00000007be4e1a58,0x00000007c0000000)
  to   space 57344K, 0% used [0x00000007b8f80000,0x00000007b8f80000,0x00000007bc780000)
 ParOldGen       total 5592576K, used 3190184K [0x00000005c0000000, 0x0000000715580000, 0x0000000715580000)
  object space 5592576K, 57% used [0x00000005c0000000,0x0000000682b6a1b8,0x0000000715580000)
 Metaspace       used 4467K, capacity 4704K, committed 4992K, reserved 1056768K
  class space    used 480K, capacity 528K, committed 640K, reserved 1048576K
}
Event: 140.752 GC heap before
{Heap before GC invocations=71 (full 25):
 PSYoungGen      total 2738688K, used 2709268K [0x0000000715580000, 0x00000007c0000000, 0x00000007c0000000)
  eden space 2680832K, 99% used [0x0000000715580000,0x00000007b8de3730,0x00000007b8f80000)
  from space 57856K, 52% used [0x00000007bc780000,0x00000007be4e1a58,0x00000007c0000000)
  to   space 57344K, 0% used [0x00000007b8f80000,0x00000007b8f80000,0x00000007bc780000)
 ParOldGen       total 5592576K, used 3190184K [0x00000005c0000000, 0x0000000715580000, 0x0000000715580000)
  object space 5592576K, 57% used [0x00000005c0000000,0x0000000682b6a1b8,0x0000000715580000)
 Metaspace       used 4468K, capacity 4704K, committed 4992K, reserved 1056768K
  class space    used 480K, capacity 528K, committed 640K, reserved 1048576K
Event: 140.760 GC heap after
Heap after GC invocations=71 (full 25):
 PSYoungGen      total 2727424K, used 46317K [0x0000000715580000, 0x00000007c0000000, 0x00000007c0000000)
  eden space 2680832K, 0% used [0x0000000715580000,0x0000000715580000,0x00000007b8f80000)
  from space 46592K, 99% used [0x00000007b8f80000,0x00000007bbcbb570,0x00000007bbd00000)
  to   space 62464K, 0% used [0x00000007bc300000,0x00000007bc300000,0x00000007c0000000)
 ParOldGen       total 5592576K, used 3190184K [0x00000005c0000000, 0x0000000715580000, 0x0000000715580000)
  object space 5592576K, 57% used [0x00000005c0000000,0x0000000682b6a1b8,0x0000000715580000)
 Metaspace       used 4468K, capacity 4704K, committed 4992K, reserved 1056768K
  class space    used 480K, capacity 528K, committed 640K, reserved 1048576K
}

